<?xml version="1.0" encoding="utf-8" standalone="no"?>
<test-run id="0" name="QA_UI_Selenium_dotNET.dll" fullname="C:\testing\QA_UI_Selenium_dotNET\QA_UI_Selenium_dotNET\bin\Debug\net6.0\QA_UI_Selenium_dotNET.dll" runstate="Runnable" testcasecount="1" result="Passed" total="1" passed="1" failed="0" warnings="0" inconclusive="0" skipped="0" asserts="5" engine-version="3.13.2.0" clr-version="6.0.10" start-time="2023-04-25 11:19:24Z" end-time="2023-04-25 11:19:25Z" duration="1.801198">
  <command-line><![CDATA[C:\testing\QA_UI_Selenium_dotNET\QA_UI_Selenium_dotNET\bin\Debug\net6.0\testhost.dll --port 55193 --endpoint 127.0.0.1:055193 --role client --parentprocessid 26908 --telemetryoptedin true]]></command-line>
  <filter>
    <test>QA_UI_Selenium_dotNET.Test.Pages.CatalogTests.MainElementsAreDisplayed</test>
  </filter>
  <test-suite type="Assembly" id="0-1002" name="QA_UI_Selenium_dotNET.dll" fullname="C:/testing/QA_UI_Selenium_dotNET/QA_UI_Selenium_dotNET/bin/Debug/net6.0/QA_UI_Selenium_dotNET.dll" runstate="Runnable" testcasecount="1" result="Passed" start-time="2023-04-25T11:19:24.1276829Z" end-time="2023-04-25T11:19:25.9061505Z" duration="1.778436" total="1" passed="1" failed="0" warnings="0" inconclusive="0" skipped="0" asserts="5">
    <environment framework-version="3.13.3.0" clr-version="6.0.10" os-version="Microsoft Windows 10.0.19045" platform="Win32NT" cwd="C:\testing\QA_UI_Selenium_dotNET\QA_UI_Selenium_dotNET\bin\Debug\net6.0" machine-name="DESKTOP-GKE7BFD" user="Pedro.Cienfuegos" user-domain="INT" culture="en-US" uiculture="en-US" os-architecture="x64" />
    <settings>
      <setting name="SynchronousEvents" value="False" />
      <setting name="RandomSeed" value="967908892" />
      <setting name="SkipNonTestAssemblies" value="True" />
      <setting name="ProcessModel" value="InProcess" />
      <setting name="DomainUsage" value="Single" />
      <setting name="DefaultTestNamePattern" value="{m}{a}" />
      <setting name="WorkDirectory" value="C:\testing\QA_UI_Selenium_dotNET\QA_UI_Selenium_dotNET\bin\Debug\net6.0" />
      <setting name="NumberOfTestWorkers" value="12" />
    </settings>
    <properties>
      <property name="_PID" value="29680" />
      <property name="_APPDOMAIN" value="testhost" />
    </properties>
    <test-suite type="TestSuite" id="0-1003" name="QA_UI_Selenium_dotNET" fullname="QA_UI_Selenium_dotNET" runstate="Runnable" testcasecount="1" result="Passed" start-time="2023-04-25T11:19:24.1314810Z" end-time="2023-04-25T11:19:25.9061457Z" duration="1.774665" total="1" passed="1" failed="0" warnings="0" inconclusive="0" skipped="0" asserts="5">
      <test-suite type="TestSuite" id="0-1004" name="Test" fullname="QA_UI_Selenium_dotNET.Test" runstate="Runnable" testcasecount="1" result="Passed" start-time="2023-04-25T11:19:24.1316777Z" end-time="2023-04-25T11:19:25.9061403Z" duration="1.774462" total="1" passed="1" failed="0" warnings="0" inconclusive="0" skipped="0" asserts="5">
        <test-suite type="TestSuite" id="0-1005" name="Pages" fullname="QA_UI_Selenium_dotNET.Test.Pages" runstate="Runnable" testcasecount="1" result="Passed" start-time="2023-04-25T11:19:24.1316876Z" end-time="2023-04-25T11:19:25.9061210Z" duration="1.774434" total="1" passed="1" failed="0" warnings="0" inconclusive="0" skipped="0" asserts="5">
          <test-suite type="TestFixture" id="0-1000" name="CatalogTests" fullname="QA_UI_Selenium_dotNET.Test.Pages.CatalogTests" classname="QA_UI_Selenium_dotNET.Test.Pages.CatalogTests" runstate="Runnable" testcasecount="1" result="Passed" start-time="2023-04-25T11:19:24.1325071Z" end-time="2023-04-25T11:19:25.9056908Z" duration="1.773184" total="1" passed="1" failed="0" warnings="0" inconclusive="0" skipped="0" asserts="5">
            <test-case id="0-1001" name="MainElementsAreDisplayed" fullname="QA_UI_Selenium_dotNET.Test.Pages.CatalogTests.MainElementsAreDisplayed" methodname="MainElementsAreDisplayed" classname="QA_UI_Selenium_dotNET.Test.Pages.CatalogTests" runstate="Runnable" seed="749360260" result="Passed" start-time="2023-04-25T11:19:24.1345423Z" end-time="2023-04-25T11:19:25.9026887Z" duration="1.768283" asserts="5" />
          </test-suite>
        </test-suite>
      </test-suite>
    </test-suite>
  </test-suite>
</test-run>